[INFO ][20181123 11:14:40,614][AbstractTestContextBootstrapper:248] Loaded default TestExecutionListener class names from location [META-INF/spring.factories]: [org.springframework.test.context.web.ServletTestExecutionListener, org.springframework.test.context.support.DirtiesContextBeforeModesTestExecutionListener, org.springframework.test.context.support.DependencyInjectionTestExecutionListener, org.springframework.test.context.support.DirtiesContextTestExecutionListener, org.springframework.test.context.transaction.TransactionalTestExecutionListener, org.springframework.test.context.jdbc.SqlScriptsTestExecutionListener]
[INFO ][20181123 11:14:40,748][AbstractTestContextBootstrapper:177] Using TestExecutionListeners: [org.springframework.test.context.web.ServletTestExecutionListener@3a5ed7a6, org.springframework.test.context.support.DirtiesContextBeforeModesTestExecutionListener@6325a3ee, org.springframework.test.context.support.DependencyInjectionTestExecutionListener@1d16f93d, org.springframework.test.context.support.DirtiesContextTestExecutionListener@67b92f0a, org.springframework.test.context.transaction.TransactionalTestExecutionListener@2b9627bc, org.springframework.test.context.jdbc.SqlScriptsTestExecutionListener@65e2dbf3]
[INFO ][20181123 11:14:40,764][AbstractTestContextBootstrapper:248] Loaded default TestExecutionListener class names from location [META-INF/spring.factories]: [org.springframework.test.context.web.ServletTestExecutionListener, org.springframework.test.context.support.DirtiesContextBeforeModesTestExecutionListener, org.springframework.test.context.support.DependencyInjectionTestExecutionListener, org.springframework.test.context.support.DirtiesContextTestExecutionListener, org.springframework.test.context.transaction.TransactionalTestExecutionListener, org.springframework.test.context.jdbc.SqlScriptsTestExecutionListener]
[INFO ][20181123 11:14:40,765][AbstractTestContextBootstrapper:177] Using TestExecutionListeners: [org.springframework.test.context.web.ServletTestExecutionListener@6e0e048a, org.springframework.test.context.support.DirtiesContextBeforeModesTestExecutionListener@5bc79255, org.springframework.test.context.support.DependencyInjectionTestExecutionListener@47ef968d, org.springframework.test.context.support.DirtiesContextTestExecutionListener@23e028a9, org.springframework.test.context.transaction.TransactionalTestExecutionListener@3dd4520b, org.springframework.test.context.jdbc.SqlScriptsTestExecutionListener@5ae63ade]
[INFO ][20181123 11:14:40,791][AbstractTestContextBootstrapper:248] Loaded default TestExecutionListener class names from location [META-INF/spring.factories]: [org.springframework.test.context.web.ServletTestExecutionListener, org.springframework.test.context.support.DirtiesContextBeforeModesTestExecutionListener, org.springframework.test.context.support.DependencyInjectionTestExecutionListener, org.springframework.test.context.support.DirtiesContextTestExecutionListener, org.springframework.test.context.transaction.TransactionalTestExecutionListener, org.springframework.test.context.jdbc.SqlScriptsTestExecutionListener]
[INFO ][20181123 11:14:40,792][AbstractTestContextBootstrapper:177] Using TestExecutionListeners: [org.springframework.test.context.web.ServletTestExecutionListener@2b552920, org.springframework.test.context.support.DirtiesContextBeforeModesTestExecutionListener@2758fe70, org.springframework.test.context.support.DependencyInjectionTestExecutionListener@1f36e637, org.springframework.test.context.support.DirtiesContextTestExecutionListener@578486a3, org.springframework.test.context.transaction.TransactionalTestExecutionListener@551aa95a, org.springframework.test.context.jdbc.SqlScriptsTestExecutionListener@35d176f7]
[INFO ][20181123 11:14:40,804][AbstractTestContextBootstrapper:248] Loaded default TestExecutionListener class names from location [META-INF/spring.factories]: [org.springframework.test.context.web.ServletTestExecutionListener, org.springframework.test.context.support.DirtiesContextBeforeModesTestExecutionListener, org.springframework.test.context.support.DependencyInjectionTestExecutionListener, org.springframework.test.context.support.DirtiesContextTestExecutionListener, org.springframework.test.context.transaction.TransactionalTestExecutionListener, org.springframework.test.context.jdbc.SqlScriptsTestExecutionListener]
[INFO ][20181123 11:14:40,806][AbstractTestContextBootstrapper:177] Using TestExecutionListeners: [org.springframework.test.context.web.ServletTestExecutionListener@3d99d22e, org.springframework.test.context.support.DirtiesContextBeforeModesTestExecutionListener@49fc609f, org.springframework.test.context.support.DependencyInjectionTestExecutionListener@cd2dae5, org.springframework.test.context.support.DirtiesContextTestExecutionListener@3a883ce7, org.springframework.test.context.transaction.TransactionalTestExecutionListener@4973813a, org.springframework.test.context.jdbc.SqlScriptsTestExecutionListener@6321e813]
[INFO ][20181123 11:14:40,830][AbstractTestContextBootstrapper:248] Loaded default TestExecutionListener class names from location [META-INF/spring.factories]: [org.springframework.test.context.web.ServletTestExecutionListener, org.springframework.test.context.support.DirtiesContextBeforeModesTestExecutionListener, org.springframework.test.context.support.DependencyInjectionTestExecutionListener, org.springframework.test.context.support.DirtiesContextTestExecutionListener, org.springframework.test.context.transaction.TransactionalTestExecutionListener, org.springframework.test.context.jdbc.SqlScriptsTestExecutionListener]
[INFO ][20181123 11:14:40,832][AbstractTestContextBootstrapper:177] Using TestExecutionListeners: [org.springframework.test.context.web.ServletTestExecutionListener@63e2203c, org.springframework.test.context.support.DirtiesContextBeforeModesTestExecutionListener@1efed156, org.springframework.test.context.support.DependencyInjectionTestExecutionListener@6737fd8f, org.springframework.test.context.support.DirtiesContextTestExecutionListener@72b6cbcc, org.springframework.test.context.transaction.TransactionalTestExecutionListener@a7e666, org.springframework.test.context.jdbc.SqlScriptsTestExecutionListener@68bbe345]
[INFO ][20181123 11:14:40,839][AbstractTestContextBootstrapper:248] Loaded default TestExecutionListener class names from location [META-INF/spring.factories]: [org.springframework.test.context.web.ServletTestExecutionListener, org.springframework.test.context.support.DirtiesContextBeforeModesTestExecutionListener, org.springframework.test.context.support.DependencyInjectionTestExecutionListener, org.springframework.test.context.support.DirtiesContextTestExecutionListener, org.springframework.test.context.transaction.TransactionalTestExecutionListener, org.springframework.test.context.jdbc.SqlScriptsTestExecutionListener]
[INFO ][20181123 11:14:40,840][AbstractTestContextBootstrapper:177] Using TestExecutionListeners: [org.springframework.test.context.web.ServletTestExecutionListener@5a8806ef, org.springframework.test.context.support.DirtiesContextBeforeModesTestExecutionListener@6c49835d, org.springframework.test.context.support.DependencyInjectionTestExecutionListener@5e853265, org.springframework.test.context.support.DirtiesContextTestExecutionListener@67205a84, org.springframework.test.context.transaction.TransactionalTestExecutionListener@7d0587f1, org.springframework.test.context.jdbc.SqlScriptsTestExecutionListener@5d76b067]
[INFO ][20181123 11:14:40,859][AbstractTestContextBootstrapper:248] Loaded default TestExecutionListener class names from location [META-INF/spring.factories]: [org.springframework.test.context.web.ServletTestExecutionListener, org.springframework.test.context.support.DirtiesContextBeforeModesTestExecutionListener, org.springframework.test.context.support.DependencyInjectionTestExecutionListener, org.springframework.test.context.support.DirtiesContextTestExecutionListener, org.springframework.test.context.transaction.TransactionalTestExecutionListener, org.springframework.test.context.jdbc.SqlScriptsTestExecutionListener]
[INFO ][20181123 11:14:40,860][AbstractTestContextBootstrapper:177] Using TestExecutionListeners: [org.springframework.test.context.web.ServletTestExecutionListener@1f554b06, org.springframework.test.context.support.DirtiesContextBeforeModesTestExecutionListener@694e1548, org.springframework.test.context.support.DependencyInjectionTestExecutionListener@1c3a4799, org.springframework.test.context.support.DirtiesContextTestExecutionListener@131276c2, org.springframework.test.context.transaction.TransactionalTestExecutionListener@26aa12dd, org.springframework.test.context.jdbc.SqlScriptsTestExecutionListener@3fd7a715]
[INFO ][20181123 11:14:40,890][AbstractTestContextBootstrapper:248] Loaded default TestExecutionListener class names from location [META-INF/spring.factories]: [org.springframework.test.context.web.ServletTestExecutionListener, org.springframework.test.context.support.DirtiesContextBeforeModesTestExecutionListener, org.springframework.test.context.support.DependencyInjectionTestExecutionListener, org.springframework.test.context.support.DirtiesContextTestExecutionListener, org.springframework.test.context.transaction.TransactionalTestExecutionListener, org.springframework.test.context.jdbc.SqlScriptsTestExecutionListener]
[INFO ][20181123 11:14:40,896][AbstractTestContextBootstrapper:177] Using TestExecutionListeners: [org.springframework.test.context.web.ServletTestExecutionListener@56aac163, org.springframework.test.context.support.DirtiesContextBeforeModesTestExecutionListener@1f7030a6, org.springframework.test.context.support.DependencyInjectionTestExecutionListener@5a1c0542, org.springframework.test.context.support.DirtiesContextTestExecutionListener@396f6598, org.springframework.test.context.transaction.TransactionalTestExecutionListener@394e1a0f, org.springframework.test.context.jdbc.SqlScriptsTestExecutionListener@27a5f880]
[INFO ][20181123 11:14:40,916][AbstractTestContextBootstrapper:248] Loaded default TestExecutionListener class names from location [META-INF/spring.factories]: [org.springframework.test.context.web.ServletTestExecutionListener, org.springframework.test.context.support.DirtiesContextBeforeModesTestExecutionListener, org.springframework.test.context.support.DependencyInjectionTestExecutionListener, org.springframework.test.context.support.DirtiesContextTestExecutionListener, org.springframework.test.context.transaction.TransactionalTestExecutionListener, org.springframework.test.context.jdbc.SqlScriptsTestExecutionListener]
[INFO ][20181123 11:14:40,917][AbstractTestContextBootstrapper:177] Using TestExecutionListeners: [org.springframework.test.context.web.ServletTestExecutionListener@74650e52, org.springframework.test.context.support.DirtiesContextBeforeModesTestExecutionListener@15d0c81b, org.springframework.test.context.support.DependencyInjectionTestExecutionListener@6acdbdf5, org.springframework.test.context.support.DirtiesContextTestExecutionListener@4b1c1ea0, org.springframework.test.context.transaction.TransactionalTestExecutionListener@17579e0f, org.springframework.test.context.jdbc.SqlScriptsTestExecutionListener@4d41cee]
[INFO ][20181123 11:14:41,431][XmlBeanDefinitionReader:316] Loading XML bean definitions from class path resource [spring/spring-context.xml]
[INFO ][20181123 11:14:43,837][XmlBeanDefinitionReader:316] Loading XML bean definitions from class path resource [spring/spring-mybatis.xml]
[INFO ][20181123 11:14:44,091][AbstractApplicationContext:589] Refreshing org.springframework.context.support.GenericApplicationContext@462d5aee: startup date [Fri Nov 23 11:14:44 CST 2018]; root of context hierarchy
[INFO ][20181123 11:14:44,972][AutowiredAnnotationBeanPostProcessor:154] JSR-330 'javax.inject.Inject' annotation found and supported for autowiring
[INFO ][20181123 11:14:51,039][AdminServiceFacadeImplTest:79] Created : null
[INFO ][20181123 11:14:51,231][AdminServiceFacadeImplTest:117] Delete succeed
[INFO ][20181123 11:14:51,415][AdminServiceFacadeImplTest:156] Item0:Admin{Dept=FinancialAdmin, Id=20, CreateTime=Fri Nov 23 19:14:51 CST 2018, UpdateTime=Fri Nov 23 19:14:51 CST 2018, DeleteTime=null, IfDeleted=false}
[INFO ][20181123 11:14:51,730][AdminServiceFacadeImplTest:87] Before Update: Admin{Dept=FinancialAdmin, Id=21, CreateTime=Fri Nov 23 19:14:51 CST 2018, UpdateTime=Fri Nov 23 19:14:51 CST 2018, DeleteTime=null, IfDeleted=false}
[INFO ][20181123 11:14:51,775][AdminServiceFacadeImplTest:94] Updated succeed
[INFO ][20181123 11:14:51,976][AdminServiceFacadeImplTest:199] updateByMap succeed
[INFO ][20181123 11:14:52,362][AdminServiceFacadeImplTest:214] deleteByUserId succeed
[INFO ][20181123 11:14:52,545][AdminServiceFacadeImplTest:130] getById succeed
[INFO ][20181123 11:14:52,884][AdminServiceFacadeImplTest:185] createWithUser succeed : AdminID:26, userID:153
[INFO ][20181123 11:14:53,057][AdminServiceFacadeImplTest:144] getBy succeed
[INFO ][20181123 11:14:53,257][AdminServiceFacadeImplTest:165] PageBean{currentPage=2, numPerPage=2, totalCount=5, recordList=[Admin{Dept=FinancialAdmin, Id=14, CreateTime=Fri Nov 23 06:00:05 CST 2018, UpdateTime=Fri Nov 23 06:00:05 CST 2018, DeleteTime=null, IfDeleted=false}, Admin{Dept=FinancialAdmin, Id=26, CreateTime=Fri Nov 23 19:14:52 CST 2018, UpdateTime=Fri Nov 23 19:14:52 CST 2018, DeleteTime=null, IfDeleted=false}], pageCount=3, beginPageIndex=1, endPageIndex=3, countResultMap=null}
[INFO ][20181123 11:14:53,258][AdminServiceFacadeImplTest:168] Item0:Admin{Dept=FinancialAdmin, Id=14, CreateTime=Fri Nov 23 06:00:05 CST 2018, UpdateTime=Fri Nov 23 06:00:05 CST 2018, DeleteTime=null, IfDeleted=false}
[INFO ][20181123 11:14:53,258][AdminServiceFacadeImplTest:168] Item1:Admin{Dept=FinancialAdmin, Id=26, CreateTime=Fri Nov 23 19:14:52 CST 2018, UpdateTime=Fri Nov 23 19:14:52 CST 2018, DeleteTime=null, IfDeleted=false}
[INFO ][20181123 11:14:53,395][AdminServiceFacadeImplTest:105] Delete succeed
[INFO ][20181123 11:14:53,663][ConsigneeServiceFacadeImplTest:77] Created : null
[INFO ][20181123 11:14:53,847][ConsigneeServiceFacadeImplTest:115] Delete succeed
[INFO ][20181123 11:14:53,937][ConsigneeServiceFacadeImplTest:154] Item0:Consignee{Address='jTlsRSNkIpcjpddhE5By', ManName='null', Id=17, CreateTime=Fri Nov 23 19:14:53 CST 2018, UpdateTime=Fri Nov 23 19:14:53 CST 2018, DeleteTime=null, IfDeleted=false}
[INFO ][20181123 11:14:54,019][ConsigneeServiceFacadeImplTest:85] Before Update: Consignee{Address='cmIYQPQ35M5MXHDAqKsp', ManName='null', Id=18, CreateTime=Fri Nov 23 19:14:53 CST 2018, UpdateTime=Fri Nov 23 19:14:53 CST 2018, DeleteTime=null, IfDeleted=false}
[INFO ][20181123 11:14:54,086][ConsigneeServiceFacadeImplTest:92] Updated succeed
[INFO ][20181123 11:14:54,362][ConsigneeServiceFacadeImplTest:197] updateByMap succeed
[INFO ][20181123 11:14:54,549][ConsigneeServiceFacadeImplTest:212] deleteByUserId succeed
[INFO ][20181123 11:14:54,642][ConsigneeServiceFacadeImplTest:128] getById succeed
[INFO ][20181123 11:14:54,992][ConsigneeServiceFacadeImplTest:183] createWithUser succeed : ConsigneeID:23, userID:165
[INFO ][20181123 11:14:55,085][ConsigneeServiceFacadeImplTest:142] getBy succeed
[INFO ][20181123 11:14:55,143][ConsigneeServiceFacadeImplTest:163] PageBean{currentPage=2, numPerPage=2, totalCount=4, recordList=[Consignee{Address='hshdxZtQS4KmpVBbmRQc', ManName='null', Id=23, CreateTime=Fri Nov 23 19:14:54 CST 2018, UpdateTime=Fri Nov 23 19:14:54 CST 2018, DeleteTime=null, IfDeleted=false}, Consignee{Address='2bQiCDkZllYl6L7ponua', ManName='null', Id=25, CreateTime=Fri Nov 23 19:14:55 CST 2018, UpdateTime=Fri Nov 23 19:14:55 CST 2018, DeleteTime=null, IfDeleted=false}], pageCount=2, beginPageIndex=1, endPageIndex=2, countResultMap=null}
[INFO ][20181123 11:14:55,144][ConsigneeServiceFacadeImplTest:166] Item0:Consignee{Address='hshdxZtQS4KmpVBbmRQc', ManName='null', Id=23, CreateTime=Fri Nov 23 19:14:54 CST 2018, UpdateTime=Fri Nov 23 19:14:54 CST 2018, DeleteTime=null, IfDeleted=false}
[INFO ][20181123 11:14:55,144][ConsigneeServiceFacadeImplTest:166] Item1:Consignee{Address='2bQiCDkZllYl6L7ponua', ManName='null', Id=25, CreateTime=Fri Nov 23 19:14:55 CST 2018, UpdateTime=Fri Nov 23 19:14:55 CST 2018, DeleteTime=null, IfDeleted=false}
[INFO ][20181123 11:14:55,257][ConsigneeServiceFacadeImplTest:103] Delete succeed
[INFO ][20181123 11:14:55,362][CorporationServiceFacadeImplTest:76] Created : null
[INFO ][20181123 11:14:55,494][CorporationServiceFacadeImplTest:114] Delete succeed
[INFO ][20181123 11:14:55,602][CorporationServiceFacadeImplTest:153] Item0:Corporation{Id=53, CreateTime=Fri Nov 23 19:14:55 CST 2018, UpdateTime=Fri Nov 23 19:14:55 CST 2018, DeleteTime=null, IfDeleted=false}
[INFO ][20181123 11:14:55,696][CorporationServiceFacadeImplTest:84] Before Update: Corporation{Id=54, CreateTime=Fri Nov 23 19:14:55 CST 2018, UpdateTime=Fri Nov 23 19:14:55 CST 2018, DeleteTime=null, IfDeleted=false}
[INFO ][20181123 11:14:55,717][CorporationServiceFacadeImplTest:91] Updated succeed
[INFO ][20181123 11:14:55,835][CorporationServiceFacadeImplTest:195] updateByMap succeed
[INFO ][20181123 11:14:55,956][CorporationServiceFacadeImplTest:228] createWithUser succeed : userID:null
[INFO ][20181123 11:14:56,054][CorporationServiceFacadeImplTest:210] deleteByUserId succeed
[INFO ][20181123 11:14:56,087][CorporationServiceFacadeImplTest:127] getById succeed
[INFO ][20181123 11:14:56,146][CorporationServiceFacadeImplTest:141] getBy succeed
[INFO ][20181123 11:14:56,210][CorporationServiceFacadeImplTest:162] PageBean{currentPage=2, numPerPage=2, totalCount=14, recordList=[Corporation{Id=11, CreateTime=Fri Nov 23 07:14:35 CST 2018, UpdateTime=Fri Nov 23 07:14:35 CST 2018, DeleteTime=null, IfDeleted=false}, Corporation{Id=13, CreateTime=Fri Nov 23 07:20:58 CST 2018, UpdateTime=Fri Nov 23 07:20:58 CST 2018, DeleteTime=null, IfDeleted=false}], pageCount=7, beginPageIndex=1, endPageIndex=7, countResultMap=null}
[INFO ][20181123 11:14:56,212][CorporationServiceFacadeImplTest:165] Item0:Corporation{Id=11, CreateTime=Fri Nov 23 07:14:35 CST 2018, UpdateTime=Fri Nov 23 07:14:35 CST 2018, DeleteTime=null, IfDeleted=false}
[INFO ][20181123 11:14:56,213][CorporationServiceFacadeImplTest:165] Item1:Corporation{Id=13, CreateTime=Fri Nov 23 07:20:58 CST 2018, UpdateTime=Fri Nov 23 07:20:58 CST 2018, DeleteTime=null, IfDeleted=false}
[INFO ][20181123 11:14:56,266][CorporationServiceFacadeImplTest:102] Delete succeed
[INFO ][20181123 11:14:56,399][CustomerServiceFacadeImplTest:76] Created : null
[INFO ][20181123 11:14:56,475][CustomerServiceFacadeImplTest:114] Delete succeed
[INFO ][20181123 11:14:56,543][CustomerServiceFacadeImplTest:153] Item0:Customer{Address='null', Bank='null', TaxNumber='null', Id=32, CreateTime=Fri Nov 23 19:14:56 CST 2018, UpdateTime=Fri Nov 23 19:14:56 CST 2018, DeleteTime=null, IfDeleted=false}
[INFO ][20181123 11:14:56,677][CustomerServiceFacadeImplTest:84] Before Update: Customer{Address='null', Bank='null', TaxNumber='null', Id=33, CreateTime=Fri Nov 23 19:14:56 CST 2018, UpdateTime=Fri Nov 23 19:14:56 CST 2018, DeleteTime=null, IfDeleted=false}
[INFO ][20181123 11:14:56,706][CustomerServiceFacadeImplTest:91] Updated succeed
[INFO ][20181123 11:14:56,946][CustomerServiceFacadeImplTest:195] updateByMap succeed
[INFO ][20181123 11:14:57,176][CustomerServiceFacadeImplTest:210] deleteByUserId succeed
[INFO ][20181123 11:14:57,287][CustomerServiceFacadeImplTest:127] getById succeed
[INFO ][20181123 11:14:57,345][CustomerServiceFacadeImplTest:181] createWithUser succeed : CustomerID:38, userID:189
[INFO ][20181123 11:14:57,404][CustomerServiceFacadeImplTest:141] getBy succeed
[INFO ][20181123 11:14:57,490][CustomerServiceFacadeImplTest:162] PageBean{currentPage=2, numPerPage=2, totalCount=5, recordList=[Customer{Address='null', Bank='null', TaxNumber='null', Id=26, CreateTime=Fri Nov 23 06:04:15 CST 2018, UpdateTime=Fri Nov 23 06:04:15 CST 2018, DeleteTime=null, IfDeleted=false}, Customer{Address='null', Bank='null', TaxNumber='null', Id=38, CreateTime=Fri Nov 23 19:14:57 CST 2018, UpdateTime=Fri Nov 23 19:14:57 CST 2018, DeleteTime=null, IfDeleted=false}], pageCount=3, beginPageIndex=1, endPageIndex=3, countResultMap=null}
[INFO ][20181123 11:14:57,491][CustomerServiceFacadeImplTest:165] Item0:Customer{Address='null', Bank='null', TaxNumber='null', Id=26, CreateTime=Fri Nov 23 06:04:15 CST 2018, UpdateTime=Fri Nov 23 06:04:15 CST 2018, DeleteTime=null, IfDeleted=false}
[INFO ][20181123 11:14:57,491][CustomerServiceFacadeImplTest:165] Item1:Customer{Address='null', Bank='null', TaxNumber='null', Id=38, CreateTime=Fri Nov 23 19:14:57 CST 2018, UpdateTime=Fri Nov 23 19:14:57 CST 2018, DeleteTime=null, IfDeleted=false}
[INFO ][20181123 11:14:57,560][CustomerServiceFacadeImplTest:102] Delete succeed
[INFO ][20181123 11:14:57,724][DriverServiceFacadeImplTest:76] Created : null
[INFO ][20181123 11:14:57,802][DriverServiceFacadeImplTest:114] Delete succeed
[INFO ][20181123 11:14:57,886][DriverServiceFacadeImplTest:153] Item0:Driver{DriverLicense='null', CapableCar='null', IDCardPhoto=null, Id=28, CreateTime=Fri Nov 23 19:14:57 CST 2018, UpdateTime=Fri Nov 23 19:14:57 CST 2018, DeleteTime=null, IfDeleted=false}
[INFO ][20181123 11:14:58,009][DriverServiceFacadeImplTest:84] Before Update: Driver{DriverLicense='null', CapableCar='null', IDCardPhoto=null, Id=29, CreateTime=Fri Nov 23 19:14:57 CST 2018, UpdateTime=Fri Nov 23 19:14:57 CST 2018, DeleteTime=null, IfDeleted=false}
[INFO ][20181123 11:14:58,020][DriverServiceFacadeImplTest:91] Updated succeed
[INFO ][20181123 11:14:58,131][DriverServiceFacadeImplTest:195] updateByMap succeed
[INFO ][20181123 11:14:58,237][DriverServiceFacadeImplTest:210] deleteByUserId succeed
[INFO ][20181123 11:14:58,282][DriverServiceFacadeImplTest:127] getById succeed
[INFO ][20181123 11:14:58,355][DriverServiceFacadeImplTest:181] createWithUser succeed : DriverID:34, userID:201
[INFO ][20181123 11:14:58,405][DriverServiceFacadeImplTest:141] getBy succeed
[INFO ][20181123 11:14:58,459][DriverServiceFacadeImplTest:162] PageBean{currentPage=2, numPerPage=2, totalCount=5, recordList=[Driver{DriverLicense='null', CapableCar='null', IDCardPhoto=null, Id=22, CreateTime=Fri Nov 23 05:55:24 CST 2018, UpdateTime=Fri Nov 23 05:55:24 CST 2018, DeleteTime=null, IfDeleted=false}, Driver{DriverLicense='null', CapableCar='null', IDCardPhoto=null, Id=34, CreateTime=Fri Nov 23 19:14:58 CST 2018, UpdateTime=Fri Nov 23 19:14:58 CST 2018, DeleteTime=null, IfDeleted=false}], pageCount=3, beginPageIndex=1, endPageIndex=3, countResultMap=null}
[INFO ][20181123 11:14:58,460][DriverServiceFacadeImplTest:165] Item0:Driver{DriverLicense='null', CapableCar='null', IDCardPhoto=null, Id=22, CreateTime=Fri Nov 23 05:55:24 CST 2018, UpdateTime=Fri Nov 23 05:55:24 CST 2018, DeleteTime=null, IfDeleted=false}
[INFO ][20181123 11:14:58,461][DriverServiceFacadeImplTest:165] Item1:Driver{DriverLicense='null', CapableCar='null', IDCardPhoto=null, Id=34, CreateTime=Fri Nov 23 19:14:58 CST 2018, UpdateTime=Fri Nov 23 19:14:58 CST 2018, DeleteTime=null, IfDeleted=false}
[INFO ][20181123 11:14:58,513][DriverServiceFacadeImplTest:102] Delete succeed
[INFO ][20181123 11:14:58,567][EscortServiceFacadeImplTest:76] Created : null
[INFO ][20181123 11:14:58,640][EscortServiceFacadeImplTest:114] Delete succeed
[INFO ][20181123 11:14:58,707][EscortServiceFacadeImplTest:153] Item0:Customer{Address='null', Bank='null', TaxNumber='null', Id=44, CreateTime=Fri Nov 23 19:14:58 CST 2018, UpdateTime=Fri Nov 23 19:14:58 CST 2018, DeleteTime=null, IfDeleted=false}
[INFO ][20181123 11:14:58,759][EscortServiceFacadeImplTest:84] Before Update: Customer{Address='null', Bank='null', TaxNumber='null', Id=45, CreateTime=Fri Nov 23 19:14:58 CST 2018, UpdateTime=Fri Nov 23 19:14:58 CST 2018, DeleteTime=null, IfDeleted=false}
[INFO ][20181123 11:14:58,770][EscortServiceFacadeImplTest:91] Updated succeed
[INFO ][20181123 11:14:58,837][EscortServiceFacadeImplTest:195] updateByMap succeed
[INFO ][20181123 11:14:58,939][EscortServiceFacadeImplTest:210] deleteByUserId succeed
[INFO ][20181123 11:14:58,986][EscortServiceFacadeImplTest:127] getById succeed
[INFO ][20181123 11:14:59,057][EscortServiceFacadeImplTest:181] createWithUser succeed : CustomerID:50, userID:213
[INFO ][20181123 11:14:59,107][EscortServiceFacadeImplTest:141] getBy succeed
[INFO ][20181123 11:14:59,164][EscortServiceFacadeImplTest:162] PageBean{currentPage=2, numPerPage=2, totalCount=6, recordList=[Customer{Address='null', Bank='null', TaxNumber='null', Id=26, CreateTime=Fri Nov 23 06:04:15 CST 2018, UpdateTime=Fri Nov 23 06:04:15 CST 2018, DeleteTime=null, IfDeleted=false}, Customer{Address='null', Bank='null', TaxNumber='null', Id=38, CreateTime=Fri Nov 23 19:14:57 CST 2018, UpdateTime=Fri Nov 23 19:14:57 CST 2018, DeleteTime=null, IfDeleted=false}], pageCount=3, beginPageIndex=1, endPageIndex=3, countResultMap=null}
[INFO ][20181123 11:14:59,167][EscortServiceFacadeImplTest:165] Item0:Customer{Address='null', Bank='null', TaxNumber='null', Id=26, CreateTime=Fri Nov 23 06:04:15 CST 2018, UpdateTime=Fri Nov 23 06:04:15 CST 2018, DeleteTime=null, IfDeleted=false}
[INFO ][20181123 11:14:59,168][EscortServiceFacadeImplTest:165] Item1:Customer{Address='null', Bank='null', TaxNumber='null', Id=38, CreateTime=Fri Nov 23 19:14:57 CST 2018, UpdateTime=Fri Nov 23 19:14:57 CST 2018, DeleteTime=null, IfDeleted=false}
[INFO ][20181123 11:14:59,213][EscortServiceFacadeImplTest:102] Delete succeed
[INFO ][20181123 11:14:59,298][GovernmentServiceFacadeImplTest:78] Created : null
[INFO ][20181123 11:14:59,372][GovernmentServiceFacadeImplTest:116] Delete succeed
[INFO ][20181123 11:14:59,429][GovernmentServiceFacadeImplTest:155] Item0:Government{Dept=JJB, Id=14, CreateTime=Fri Nov 23 19:14:59 CST 2018, UpdateTime=Fri Nov 23 19:14:59 CST 2018, DeleteTime=null, IfDeleted=false}
[INFO ][20181123 11:14:59,515][GovernmentServiceFacadeImplTest:86] Before Update: Government{Dept=JJB, Id=15, CreateTime=Fri Nov 23 19:14:59 CST 2018, UpdateTime=Fri Nov 23 19:14:59 CST 2018, DeleteTime=null, IfDeleted=false}
[INFO ][20181123 11:14:59,537][GovernmentServiceFacadeImplTest:93] Updated succeed
[INFO ][20181123 11:14:59,672][GovernmentServiceFacadeImplTest:197] updateByMap succeed
[INFO ][20181123 11:14:59,823][GovernmentServiceFacadeImplTest:231] createWithUser succeed : userID:null
[INFO ][20181123 11:14:59,981][GovernmentServiceFacadeImplTest:212] deleteByUserId succeed
[INFO ][20181123 11:15:00,026][GovernmentServiceFacadeImplTest:129] getById succeed
[INFO ][20181123 11:15:00,173][GovernmentServiceFacadeImplTest:143] getBy succeed
[INFO ][20181123 11:15:00,293][GovernmentServiceFacadeImplTest:164] PageBean{currentPage=2, numPerPage=2, totalCount=9, recordList=[Government{Dept=HBB, Id=3, CreateTime=Thu Nov 22 17:28:02 CST 2018, UpdateTime=Thu Nov 22 17:28:02 CST 2018, DeleteTime=null, IfDeleted=false}, Government{Dept=XFB, Id=4, CreateTime=Thu Nov 22 17:28:02 CST 2018, UpdateTime=Thu Nov 22 17:28:02 CST 2018, DeleteTime=null, IfDeleted=false}], pageCount=5, beginPageIndex=1, endPageIndex=5, countResultMap=null}
[INFO ][20181123 11:15:00,294][GovernmentServiceFacadeImplTest:167] Item0:Government{Dept=HBB, Id=3, CreateTime=Thu Nov 22 17:28:02 CST 2018, UpdateTime=Thu Nov 22 17:28:02 CST 2018, DeleteTime=null, IfDeleted=false}
[INFO ][20181123 11:15:00,294][GovernmentServiceFacadeImplTest:167] Item1:Government{Dept=XFB, Id=4, CreateTime=Thu Nov 22 17:28:02 CST 2018, UpdateTime=Thu Nov 22 17:28:02 CST 2018, DeleteTime=null, IfDeleted=false}
[INFO ][20181123 11:15:00,382][GovernmentServiceFacadeImplTest:104] Delete succeed
[INFO ][20181123 11:15:00,477][ManufacturerServiceFacadeImplTest:77] Created : null
[INFO ][20181123 11:15:00,543][ManufacturerServiceFacadeImplTest:115] Delete succeed
[INFO ][20181123 11:15:00,604][ManufacturerServiceFacadeImplTest:154] Item0:Manufacturer{Address='pYBN9xmEFaEx1LxPWgtP', ManName='null', WorkShops=null, Id=16, CreateTime=Fri Nov 23 19:15:00 CST 2018, UpdateTime=Fri Nov 23 19:15:00 CST 2018, DeleteTime=null, IfDeleted=false}
[INFO ][20181123 11:15:00,670][ManufacturerServiceFacadeImplTest:85] Before Update: Manufacturer{Address='ZlLCou84Ox7ETCXRDCKI', ManName='null', WorkShops=null, Id=17, CreateTime=Fri Nov 23 19:15:00 CST 2018, UpdateTime=Fri Nov 23 19:15:00 CST 2018, DeleteTime=null, IfDeleted=false}
[INFO ][20181123 11:15:00,699][ManufacturerServiceFacadeImplTest:92] Updated succeed
[INFO ][20181123 11:15:00,768][ManufacturerServiceFacadeImplTest:197] updateByMap succeed
[INFO ][20181123 11:15:00,825][ManufacturerServiceFacadeImplTest:212] deleteByUserId succeed
[INFO ][20181123 11:15:00,868][ManufacturerServiceFacadeImplTest:128] getById succeed
[INFO ][20181123 11:15:00,979][ManufacturerServiceFacadeImplTest:183] createWithUser succeed : ManufacturerID:22, userID:237
[INFO ][20181123 11:15:01,024][ManufacturerServiceFacadeImplTest:142] getBy succeed
[INFO ][20181123 11:15:01,104][ManufacturerServiceFacadeImplTest:163] PageBean{currentPage=2, numPerPage=2, totalCount=4, recordList=[Manufacturer{Address='lf5M8T0lJ0fDTv8WX8OI', ManName='null', WorkShops=null, Id=22, CreateTime=Fri Nov 23 19:15:00 CST 2018, UpdateTime=Fri Nov 23 19:15:00 CST 2018, DeleteTime=null, IfDeleted=false}, Manufacturer{Address='pjiZyHALJf18P4spC5up', ManName='null', WorkShops=null, Id=24, CreateTime=Fri Nov 23 19:15:01 CST 2018, UpdateTime=Fri Nov 23 19:15:01 CST 2018, DeleteTime=null, IfDeleted=false}], pageCount=2, beginPageIndex=1, endPageIndex=2, countResultMap=null}
[INFO ][20181123 11:15:01,104][ManufacturerServiceFacadeImplTest:166] Item0:Manufacturer{Address='lf5M8T0lJ0fDTv8WX8OI', ManName='null', WorkShops=null, Id=22, CreateTime=Fri Nov 23 19:15:00 CST 2018, UpdateTime=Fri Nov 23 19:15:00 CST 2018, DeleteTime=null, IfDeleted=false}
[INFO ][20181123 11:15:01,105][ManufacturerServiceFacadeImplTest:166] Item1:Manufacturer{Address='pjiZyHALJf18P4spC5up', ManName='null', WorkShops=null, Id=24, CreateTime=Fri Nov 23 19:15:01 CST 2018, UpdateTime=Fri Nov 23 19:15:01 CST 2018, DeleteTime=null, IfDeleted=false}
[INFO ][20181123 11:15:01,155][ManufacturerServiceFacadeImplTest:103] Delete succeed
[INFO ][20181123 11:15:01,361][UserServiceFacadeImplTest:60] Before Update: null
[INFO ][20181123 11:15:01,513][UserServiceFacadeImplTest:140] PageBean{currentPage=2, numPerPage=2, totalCount=28, recordList=[User{UserName='BkUzyWiN', PassWord='d123456', Phone='18881187963', Vcode='null', VcodeTime=null, IfRegistered=false, UserType=Driver, UserInfo=22, Id=29, CreateTime=Fri Nov 23 05:55:24 CST 2018, UpdateTime=Fri Nov 23 05:55:24 CST 2018, DeleteTime=null, IfDeleted=false}, User{UserName='Ou3Ric82', PassWord='d123456', Phone='18843073750', Vcode='null', VcodeTime=null, IfRegistered=false, UserType=Admin, UserInfo=14, Id=41, CreateTime=Fri Nov 23 06:00:05 CST 2018, UpdateTime=Fri Nov 23 06:00:05 CST 2018, DeleteTime=null, IfDeleted=false}], pageCount=14, beginPageIndex=1, endPageIndex=10, countResultMap=null}
[INFO ][20181123 11:15:01,514][UserServiceFacadeImplTest:146] Item0:User{UserName='BkUzyWiN', PassWord='d123456', Phone='18881187963', Vcode='null', VcodeTime=null, IfRegistered=false, UserType=Driver, UserInfo=22, Id=29, CreateTime=Fri Nov 23 05:55:24 CST 2018, UpdateTime=Fri Nov 23 05:55:24 CST 2018, DeleteTime=null, IfDeleted=false}
[INFO ][20181123 11:15:01,514][UserServiceFacadeImplTest:146] Item1:User{UserName='Ou3Ric82', PassWord='d123456', Phone='18843073750', Vcode='null', VcodeTime=null, IfRegistered=false, UserType=Admin, UserInfo=14, Id=41, CreateTime=Fri Nov 23 06:00:05 CST 2018, UpdateTime=Fri Nov 23 06:00:05 CST 2018, DeleteTime=null, IfDeleted=false}
[INFO ][20181123 11:15:01,543][UserServiceFacadeImplTest:153] FindUserByUname succeed
[INFO ][20181123 11:15:01,634][AbstractApplicationContext:989] Closing org.springframework.context.support.GenericApplicationContext@462d5aee: startup date [Fri Nov 23 11:14:44 CST 2018]; root of context hierarchy
[WARN ][20181123 11:15:01,643][DisposableBeanAdapter:347] Invocation of destroy method 'close' failed on bean with name 'sessionTemplate': java.lang.UnsupportedOperationException: Manual close is not allowed over a Spring managed SqlSession
[INFO ][20181123 11:22:12,882][AbstractTestContextBootstrapper:248] Loaded default TestExecutionListener class names from location [META-INF/spring.factories]: [org.springframework.test.context.web.ServletTestExecutionListener, org.springframework.test.context.support.DirtiesContextBeforeModesTestExecutionListener, org.springframework.test.context.support.DependencyInjectionTestExecutionListener, org.springframework.test.context.support.DirtiesContextTestExecutionListener, org.springframework.test.context.transaction.TransactionalTestExecutionListener, org.springframework.test.context.jdbc.SqlScriptsTestExecutionListener]
[INFO ][20181123 11:22:12,955][AbstractTestContextBootstrapper:177] Using TestExecutionListeners: [org.springframework.test.context.web.ServletTestExecutionListener@6ddf90b0, org.springframework.test.context.support.DirtiesContextBeforeModesTestExecutionListener@57536d79, org.springframework.test.context.support.DependencyInjectionTestExecutionListener@3b0143d3, org.springframework.test.context.support.DirtiesContextTestExecutionListener@5a8e6209, org.springframework.test.context.transaction.TransactionalTestExecutionListener@4b4523f8, org.springframework.test.context.jdbc.SqlScriptsTestExecutionListener@731a74c]
[INFO ][20181123 11:22:13,466][XmlBeanDefinitionReader:316] Loading XML bean definitions from class path resource [spring/spring-context.xml]
[INFO ][20181123 11:22:14,447][XmlBeanDefinitionReader:316] Loading XML bean definitions from class path resource [spring/spring-mybatis.xml]
[INFO ][20181123 11:22:14,587][AbstractApplicationContext:589] Refreshing org.springframework.context.support.GenericApplicationContext@2781e022: startup date [Fri Nov 23 11:22:14 CST 2018]; root of context hierarchy
[INFO ][20181123 11:22:15,363][AutowiredAnnotationBeanPostProcessor:154] JSR-330 'javax.inject.Inject' annotation found and supported for autowiring
[INFO ][20181123 11:22:21,726][AbstractApplicationContext:989] Closing org.springframework.context.support.GenericApplicationContext@2781e022: startup date [Fri Nov 23 11:22:14 CST 2018]; root of context hierarchy
[WARN ][20181123 11:22:21,734][DisposableBeanAdapter:347] Invocation of destroy method 'close' failed on bean with name 'sessionTemplate': java.lang.UnsupportedOperationException: Manual close is not allowed over a Spring managed SqlSession
[INFO ][20181123 11:24:07,172][AbstractTestContextBootstrapper:248] Loaded default TestExecutionListener class names from location [META-INF/spring.factories]: [org.springframework.test.context.web.ServletTestExecutionListener, org.springframework.test.context.support.DirtiesContextBeforeModesTestExecutionListener, org.springframework.test.context.support.DependencyInjectionTestExecutionListener, org.springframework.test.context.support.DirtiesContextTestExecutionListener, org.springframework.test.context.transaction.TransactionalTestExecutionListener, org.springframework.test.context.jdbc.SqlScriptsTestExecutionListener]
[INFO ][20181123 11:24:07,253][AbstractTestContextBootstrapper:177] Using TestExecutionListeners: [org.springframework.test.context.web.ServletTestExecutionListener@6ddf90b0, org.springframework.test.context.support.DirtiesContextBeforeModesTestExecutionListener@57536d79, org.springframework.test.context.support.DependencyInjectionTestExecutionListener@3b0143d3, org.springframework.test.context.support.DirtiesContextTestExecutionListener@5a8e6209, org.springframework.test.context.transaction.TransactionalTestExecutionListener@4b4523f8, org.springframework.test.context.jdbc.SqlScriptsTestExecutionListener@731a74c]
[INFO ][20181123 11:24:07,679][XmlBeanDefinitionReader:316] Loading XML bean definitions from class path resource [spring/spring-context.xml]
[INFO ][20181123 11:24:09,846][XmlBeanDefinitionReader:316] Loading XML bean definitions from class path resource [spring/spring-mybatis.xml]
[INFO ][20181123 11:24:10,056][AbstractApplicationContext:589] Refreshing org.springframework.context.support.GenericApplicationContext@2781e022: startup date [Fri Nov 23 11:24:10 CST 2018]; root of context hierarchy
[INFO ][20181123 11:24:11,822][AutowiredAnnotationBeanPostProcessor:154] JSR-330 'javax.inject.Inject' annotation found and supported for autowiring
[INFO ][20181123 11:24:23,397][UserServiceFacadeImplTest:241] changePhone succeed
[INFO ][20181123 11:24:23,548][UserServiceFacadeImplTest:76] Created : User{UserName='UZFBpXe1', PassWord='d123456', Phone='18835681698', Vcode='null', VcodeTime=null, IfRegistered=false, UserType=Admin, UserInfo=1, Id=244, CreateTime=Fri Nov 23 19:24:23 CST 2018, UpdateTime=Fri Nov 23 19:24:23 CST 2018, DeleteTime=null, IfDeleted=false}
[INFO ][20181123 11:24:23,630][UserServiceFacadeImplTest:114] Delete succeed
[INFO ][20181123 11:24:23,728][UserServiceFacadeImplTest:153] Item0:User{UserName='4P781j', PassWord='d123456', Phone='18808659576', Vcode='null', VcodeTime=null, IfRegistered=false, UserType=Corporation, UserInfo=-1, Id=247, CreateTime=Fri Nov 23 19:24:23 CST 2018, UpdateTime=Fri Nov 23 19:24:23 CST 2018, DeleteTime=null, IfDeleted=false}
[INFO ][20181123 11:24:23,965][UserServiceFacadeImplTest:84] Before Update: User{UserName='8L6ZOg', PassWord='d123456', Phone='18810717770', Vcode='null', VcodeTime=null, IfRegistered=false, UserType=Corporation, UserInfo=-1, Id=249, CreateTime=Fri Nov 23 19:24:23 CST 2018, UpdateTime=Fri Nov 23 19:24:23 CST 2018, DeleteTime=null, IfDeleted=false}
[INFO ][20181123 11:24:24,001][UserServiceFacadeImplTest:91] Updated succeed
[INFO ][20181123 11:24:24,150][UserServiceFacadeImplTest:229] changeUserName succeed
[INFO ][20181123 11:24:24,229][UserServiceFacadeImplTest:127] GetUserById succeed
[INFO ][20181123 11:24:24,869][UserServiceFacadeImplTest:162] PageBean{currentPage=2, numPerPage=2, totalCount=30, recordList=[User{UserName='BkUzyWiN', PassWord='d123456', Phone='18881187963', Vcode='null', VcodeTime=null, IfRegistered=false, UserType=Driver, UserInfo=22, Id=29, CreateTime=Fri Nov 23 05:55:24 CST 2018, UpdateTime=Fri Nov 23 05:55:24 CST 2018, DeleteTime=null, IfDeleted=false}, User{UserName='Ou3Ric82', PassWord='d123456', Phone='18843073750', Vcode='null', VcodeTime=null, IfRegistered=false, UserType=Admin, UserInfo=14, Id=41, CreateTime=Fri Nov 23 06:00:05 CST 2018, UpdateTime=Fri Nov 23 06:00:05 CST 2018, DeleteTime=null, IfDeleted=false}], pageCount=15, beginPageIndex=1, endPageIndex=10, countResultMap=null}
[INFO ][20181123 11:24:24,871][UserServiceFacadeImplTest:168] Item0:User{UserName='BkUzyWiN', PassWord='d123456', Phone='18881187963', Vcode='null', VcodeTime=null, IfRegistered=false, UserType=Driver, UserInfo=22, Id=29, CreateTime=Fri Nov 23 05:55:24 CST 2018, UpdateTime=Fri Nov 23 05:55:24 CST 2018, DeleteTime=null, IfDeleted=false}
[INFO ][20181123 11:24:24,875][UserServiceFacadeImplTest:168] Item1:User{UserName='Ou3Ric82', PassWord='d123456', Phone='18843073750', Vcode='null', VcodeTime=null, IfRegistered=false, UserType=Admin, UserInfo=14, Id=41, CreateTime=Fri Nov 23 06:00:05 CST 2018, UpdateTime=Fri Nov 23 06:00:05 CST 2018, DeleteTime=null, IfDeleted=false}
[INFO ][20181123 11:24:24,925][UserServiceFacadeImplTest:185] FindUserByPhone succeed
[INFO ][20181123 11:24:24,974][UserServiceFacadeImplTest:175] FindUserByUname succeed
[INFO ][20181123 11:24:25,101][UserServiceFacadeImplTest:217] changePSW succeed
[INFO ][20181123 11:24:25,286][UserServiceFacadeImplTest:194] getVcode succeed:nCMgTL
[INFO ][20181123 11:24:25,339][UserServiceFacadeImplTest:102] Delete succeed
[INFO ][20181123 11:24:25,396][AbstractApplicationContext:989] Closing org.springframework.context.support.GenericApplicationContext@2781e022: startup date [Fri Nov 23 11:24:10 CST 2018]; root of context hierarchy
[WARN ][20181123 11:24:25,414][DisposableBeanAdapter:347] Invocation of destroy method 'close' failed on bean with name 'sessionTemplate': java.lang.UnsupportedOperationException: Manual close is not allowed over a Spring managed SqlSession
[INFO ][20181123 11:25:35,273][AbstractTestContextBootstrapper:248] Loaded default TestExecutionListener class names from location [META-INF/spring.factories]: [org.springframework.test.context.web.ServletTestExecutionListener, org.springframework.test.context.support.DirtiesContextBeforeModesTestExecutionListener, org.springframework.test.context.support.DependencyInjectionTestExecutionListener, org.springframework.test.context.support.DirtiesContextTestExecutionListener, org.springframework.test.context.transaction.TransactionalTestExecutionListener, org.springframework.test.context.jdbc.SqlScriptsTestExecutionListener]
[INFO ][20181123 11:25:35,337][AbstractTestContextBootstrapper:177] Using TestExecutionListeners: [org.springframework.test.context.web.ServletTestExecutionListener@7b49cea0, org.springframework.test.context.support.DirtiesContextBeforeModesTestExecutionListener@887af79, org.springframework.test.context.support.DependencyInjectionTestExecutionListener@7fac631b, org.springframework.test.context.support.DirtiesContextTestExecutionListener@5b87ed94, org.springframework.test.context.transaction.TransactionalTestExecutionListener@6e0e048a, org.springframework.test.context.jdbc.SqlScriptsTestExecutionListener@5bc79255]
[INFO ][20181123 11:25:35,623][XmlBeanDefinitionReader:316] Loading XML bean definitions from class path resource [spring/spring-context.xml]
[INFO ][20181123 11:25:36,934][XmlBeanDefinitionReader:316] Loading XML bean definitions from class path resource [spring/spring-mybatis.xml]
[INFO ][20181123 11:25:37,110][AbstractApplicationContext:589] Refreshing org.springframework.context.support.GenericApplicationContext@34c4973: startup date [Fri Nov 23 11:25:37 CST 2018]; root of context hierarchy
[INFO ][20181123 11:25:38,066][AutowiredAnnotationBeanPostProcessor:154] JSR-330 'javax.inject.Inject' annotation found and supported for autowiring
[INFO ][20181123 11:25:44,793][UserServiceFacadeImplTest:141] GetUserBy succeed
[INFO ][20181123 11:25:44,858][AbstractApplicationContext:989] Closing org.springframework.context.support.GenericApplicationContext@34c4973: startup date [Fri Nov 23 11:25:37 CST 2018]; root of context hierarchy
[WARN ][20181123 11:25:44,870][DisposableBeanAdapter:347] Invocation of destroy method 'close' failed on bean with name 'sessionTemplate': java.lang.UnsupportedOperationException: Manual close is not allowed over a Spring managed SqlSession
