[INFO ][20181206 16:45:20,822][AbstractTestContextBootstrapper:248] Loaded default TestExecutionListener class names from location [META-INF/spring.factories]: [org.springframework.test.context.web.ServletTestExecutionListener, org.springframework.test.context.support.DirtiesContextBeforeModesTestExecutionListener, org.springframework.test.context.support.DependencyInjectionTestExecutionListener, org.springframework.test.context.support.DirtiesContextTestExecutionListener, org.springframework.test.context.transaction.TransactionalTestExecutionListener, org.springframework.test.context.jdbc.SqlScriptsTestExecutionListener]
[INFO ][20181206 16:45:20,859][AbstractTestContextBootstrapper:177] Using TestExecutionListeners: [org.springframework.test.context.web.ServletTestExecutionListener@210366b4, org.springframework.test.context.support.DirtiesContextBeforeModesTestExecutionListener@eec5a4a, org.springframework.test.context.support.DependencyInjectionTestExecutionListener@2b2948e2, org.springframework.test.context.support.DirtiesContextTestExecutionListener@6ddf90b0, org.springframework.test.context.transaction.TransactionalTestExecutionListener@57536d79, org.springframework.test.context.jdbc.SqlScriptsTestExecutionListener@3b0143d3]
[INFO ][20181206 16:45:20,991][XmlBeanDefinitionReader:316] Loading XML bean definitions from class path resource [spring/spring-context.xml]
[INFO ][20181206 16:45:21,359][XmlBeanDefinitionReader:316] Loading XML bean definitions from class path resource [spring/spring-mybatis.xml]
[INFO ][20181206 16:45:21,415][AbstractApplicationContext:589] Refreshing org.springframework.context.support.GenericApplicationContext@704a52ec: startup date [Thu Dec 06 16:45:21 CST 2018]; root of context hierarchy
[INFO ][20181206 16:45:21,764][AutowiredAnnotationBeanPostProcessor:154] JSR-330 'javax.inject.Inject' annotation found and supported for autowiring
[INFO ][20181206 16:45:24,271][DriveWorkerServiceFacadeImplTest:58] Created : null
[INFO ][20181206 16:45:24,312][DriveWorkerServiceFacadeImplTest:96] Delete succeed
[INFO ][20181206 16:45:24,409][DriveWorkerServiceFacadeImplTest:135] Item0:DriveWorker{Name='2P1glA', Phone='null', Id=29, Corporation=1, CreateTime=Thu Dec 06 16:45:24 CST 2018, UpdateTime=Thu Dec 06 16:45:24 CST 2018, DeleteTime=null, IfDeleted=false}
[INFO ][20181206 16:45:24,437][DriveWorkerServiceFacadeImplTest:66] Before Update: DriveWorker{Name='2PQLHL', Phone='null', Id=30, Corporation=1, CreateTime=Thu Dec 06 16:45:24 CST 2018, UpdateTime=Thu Dec 06 16:45:24 CST 2018, DeleteTime=null, IfDeleted=false}
[INFO ][20181206 16:45:24,458][DriveWorkerServiceFacadeImplTest:73] Updated succeed
[INFO ][20181206 16:45:24,547][DriveWorkerServiceFacadeImplTest:178] updateByMap succeed
[INFO ][20181206 16:45:24,612][DriveWorkerServiceFacadeImplTest:109] getById succeed
[INFO ][20181206 16:45:24,638][DriveWorkerServiceFacadeImplTest:123] getBy succeed
[INFO ][20181206 16:45:24,678][DriveWorkerServiceFacadeImplTest:144] PageBean{currentPage=2, numPerPage=2, totalCount=7, recordList=[DriveWorker{Name='asddf', Phone='null', Id=5, Corporation=1, CreateTime=Mon Dec 03 20:54:53 CST 2018, UpdateTime=Mon Dec 03 20:54:53 CST 2018, DeleteTime=null, IfDeleted=false}, DriveWorker{Name='asddf3', Phone='null', Id=15, Corporation=1, CreateTime=Mon Dec 03 20:56:17 CST 2018, UpdateTime=Mon Dec 03 20:56:17 CST 2018, DeleteTime=null, IfDeleted=false}], pageCount=4, beginPageIndex=1, endPageIndex=4, countResultMap=null}
[INFO ][20181206 16:45:24,680][DriveWorkerServiceFacadeImplTest:147] Item0:DriveWorker{Name='asddf', Phone='null', Id=5, Corporation=1, CreateTime=Mon Dec 03 20:54:53 CST 2018, UpdateTime=Mon Dec 03 20:54:53 CST 2018, DeleteTime=null, IfDeleted=false}
[INFO ][20181206 16:45:24,682][DriveWorkerServiceFacadeImplTest:147] Item1:DriveWorker{Name='asddf3', Phone='null', Id=15, Corporation=1, CreateTime=Mon Dec 03 20:56:17 CST 2018, UpdateTime=Mon Dec 03 20:56:17 CST 2018, DeleteTime=null, IfDeleted=false}
[INFO ][20181206 16:45:24,716][DriveWorkerServiceFacadeImplTest:84] Delete succeed
[INFO ][20181206 16:45:24,749][AbstractApplicationContext:989] Closing org.springframework.context.support.GenericApplicationContext@704a52ec: startup date [Thu Dec 06 16:45:21 CST 2018]; root of context hierarchy
[WARN ][20181206 16:45:24,753][DisposableBeanAdapter:347] Invocation of destroy method 'close' failed on bean with name 'sessionTemplate': java.lang.UnsupportedOperationException: Manual close is not allowed over a Spring managed SqlSession
[INFO ][20181206 16:45:28,301][AbstractTestContextBootstrapper:248] Loaded default TestExecutionListener class names from location [META-INF/spring.factories]: [org.springframework.test.context.web.ServletTestExecutionListener, org.springframework.test.context.support.DirtiesContextBeforeModesTestExecutionListener, org.springframework.test.context.support.DependencyInjectionTestExecutionListener, org.springframework.test.context.support.DirtiesContextTestExecutionListener, org.springframework.test.context.transaction.TransactionalTestExecutionListener, org.springframework.test.context.jdbc.SqlScriptsTestExecutionListener]
[INFO ][20181206 16:45:28,328][AbstractTestContextBootstrapper:177] Using TestExecutionListeners: [org.springframework.test.context.web.ServletTestExecutionListener@210366b4, org.springframework.test.context.support.DirtiesContextBeforeModesTestExecutionListener@eec5a4a, org.springframework.test.context.support.DependencyInjectionTestExecutionListener@2b2948e2, org.springframework.test.context.support.DirtiesContextTestExecutionListener@6ddf90b0, org.springframework.test.context.transaction.TransactionalTestExecutionListener@57536d79, org.springframework.test.context.jdbc.SqlScriptsTestExecutionListener@3b0143d3]
[INFO ][20181206 16:45:28,457][XmlBeanDefinitionReader:316] Loading XML bean definitions from class path resource [spring/spring-context.xml]
[INFO ][20181206 16:45:28,935][XmlBeanDefinitionReader:316] Loading XML bean definitions from class path resource [spring/spring-mybatis.xml]
[INFO ][20181206 16:45:28,999][AbstractApplicationContext:589] Refreshing org.springframework.context.support.GenericApplicationContext@704a52ec: startup date [Thu Dec 06 16:45:28 CST 2018]; root of context hierarchy
[INFO ][20181206 16:45:29,358][AutowiredAnnotationBeanPostProcessor:154] JSR-330 'javax.inject.Inject' annotation found and supported for autowiring
[INFO ][20181206 16:45:32,265][MaterialServiceFacadeImplTest:60] Created : null
[INFO ][20181206 16:45:32,321][MaterialServiceFacadeImplTest:98] Delete succeed
[INFO ][20181206 16:45:32,430][MaterialServiceFacadeImplTest:137] Item0:Material{FigureNumber='P7FdFI2TM3', Name='zuUijF', Phone='null', Id=40, Corporation=1, CreateTime=Thu Dec 06 16:45:32 CST 2018, UpdateTime=Thu Dec 06 16:45:32 CST 2018, DeleteTime=null, IfDeleted=false}
[INFO ][20181206 16:45:32,464][MaterialServiceFacadeImplTest:68] Before Update: Material{FigureNumber='Qfyzl3u6Q9', Name='iGtDWb', Phone='null', Id=41, Corporation=1, CreateTime=Thu Dec 06 16:45:32 CST 2018, UpdateTime=Thu Dec 06 16:45:32 CST 2018, DeleteTime=null, IfDeleted=false}
[INFO ][20181206 16:45:32,489][MaterialServiceFacadeImplTest:75] Updated succeed
[INFO ][20181206 16:45:32,589][MaterialServiceFacadeImplTest:180] updateByMap succeed
[INFO ][20181206 16:45:32,619][MaterialServiceFacadeImplTest:111] getById succeed
[INFO ][20181206 16:45:32,652][MaterialServiceFacadeImplTest:125] getBy succeed
[INFO ][20181206 16:45:32,679][MaterialServiceFacadeImplTest:146] PageBean{currentPage=2, numPerPage=2, totalCount=9, recordList=[Material{FigureNumber='th1234', Name='asddf', Phone='null', Id=5, Corporation=1, CreateTime=Mon Dec 03 20:54:53 CST 2018, UpdateTime=Mon Dec 03 20:54:53 CST 2018, DeleteTime=null, IfDeleted=false}, Material{FigureNumber='PBrpTaRE1k', Name='obc5ADD1', Phone='null', Id=7, Corporation=1, CreateTime=Mon Dec 03 20:54:56 CST 2018, UpdateTime=Mon Dec 03 20:54:56 CST 2018, DeleteTime=null, IfDeleted=false}], pageCount=5, beginPageIndex=1, endPageIndex=5, countResultMap=null}
[INFO ][20181206 16:45:32,680][MaterialServiceFacadeImplTest:149] Item0:Material{FigureNumber='th1234', Name='asddf', Phone='null', Id=5, Corporation=1, CreateTime=Mon Dec 03 20:54:53 CST 2018, UpdateTime=Mon Dec 03 20:54:53 CST 2018, DeleteTime=null, IfDeleted=false}
[INFO ][20181206 16:45:32,681][MaterialServiceFacadeImplTest:149] Item1:Material{FigureNumber='PBrpTaRE1k', Name='obc5ADD1', Phone='null', Id=7, Corporation=1, CreateTime=Mon Dec 03 20:54:56 CST 2018, UpdateTime=Mon Dec 03 20:54:56 CST 2018, DeleteTime=null, IfDeleted=false}
[INFO ][20181206 16:45:32,711][MaterialServiceFacadeImplTest:86] Delete succeed
[INFO ][20181206 16:45:32,757][AbstractApplicationContext:989] Closing org.springframework.context.support.GenericApplicationContext@704a52ec: startup date [Thu Dec 06 16:45:28 CST 2018]; root of context hierarchy
[WARN ][20181206 16:45:32,761][DisposableBeanAdapter:347] Invocation of destroy method 'close' failed on bean with name 'sessionTemplate': java.lang.UnsupportedOperationException: Manual close is not allowed over a Spring managed SqlSession
